[debug] [2025-11-30T19:45:03.481Z] ----------------------------------------------------------------------
[debug] [2025-11-30T19:45:03.487Z] Command:       C:\Program Files\nodejs\node.exe C:\Users\acer\AppData\Roaming\npm\node_modules\firebase-tools\lib\bin\firebase.js init hosting
[debug] [2025-11-30T19:45:03.487Z] CLI Version:   14.26.0
[debug] [2025-11-30T19:45:03.487Z] Platform:      win32
[debug] [2025-11-30T19:45:03.487Z] Node Version:  v20.16.0
[debug] [2025-11-30T19:45:03.487Z] Time:          Mon Dec 01 2025 02:45:03 GMT+0700 (Indochina Time)
[debug] [2025-11-30T19:45:03.488Z] ----------------------------------------------------------------------
[debug] 
[debug] [2025-11-30T19:45:03.654Z] Object "" in "firebase.json" has unknown property: {"additionalProperty":"flutter"}
[debug] [2025-11-30T19:45:03.657Z] Object "" in "firebase.json" has unknown property: {"additionalProperty":"flutter"}
[info] 
     ######## #### ########  ######## ########     ###     ######  ########
     ##        ##  ##     ## ##       ##     ##  ##   ##  ##       ##
     ######    ##  ########  ######   ########  #########  ######  ######
     ##        ##  ##    ##  ##       ##     ## ##     ##       ## ##
     ##       #### ##     ## ######## ########  ##     ##  ######  ########

You're about to initialize a Firebase project in this directory:

  D:\zentrixa\zentrixa_quan_li_tai_san

Before we get started, keep in mind:

  * You are initializing within an existing Firebase project directory

[info] 
=== Project Setup
[info] 
[info] First, let's associate this project directory with a Firebase project.
[info] You can create multiple project aliases by running firebase use --add, 
[info] 
[info] i  If you want to create a project in a Google Cloud organization or folder, please use "firebase projects:create" instead, and return to this command when you've created the project. 
[debug] [2025-11-30T19:45:34.101Z] > command requires scopes: ["email","openid","https://www.googleapis.com/auth/cloudplatformprojects.readonly","https://www.googleapis.com/auth/firebase","https://www.googleapis.com/auth/cloud-platform"]
[debug] [2025-11-30T19:45:34.101Z] > authorizing via signed-in user (2nghin0tram16@gmail.com)
